[   0.000][v][cplayer] Command line options: '--input-ipc-server=\\.\pipe\mpvserver' '--idle' '--really-quiet'
[   0.000][v][cplayer] mpv v0.38.0-641-g6107112b Copyright © 2000-2024 mpv/MPlayer/mplayer2 projects
[   0.000][v][cplayer]  built on Jul 27 2024 00:04:34
[   0.000][v][cplayer] libplacebo version: v7.349.0 (v7.349.0-dirty)
[   0.000][v][cplayer] FFmpeg version: N-116435-g719e46f54
[   0.000][v][cplayer] FFmpeg library versions:
[   0.000][v][cplayer]    libavcodec      61.10.100
[   0.000][v][cplayer]    libavdevice     61.2.100
[   0.000][v][cplayer]    libavfilter     10.2.102
[   0.000][v][cplayer]    libavformat     61.5.101
[   0.000][v][cplayer]    libavutil       59.29.100
[   0.000][v][cplayer]    libswresample   5.2.100
[   0.000][v][cplayer]    libswscale      8.2.100
[   0.000][v][cplayer] Configuration: -Ddebug=true -Db_ndebug=true -Doptimization=3 -Db_lto=true -Db_lto_mode=thin -Dlibmpv=true -Dpdf-build=enabled -Dlua=enabled -Djavascript=enabled -Dsdl2=enabled -Dlibarchive=enabled -Dlibbluray=enabled -Ddvdnav=enabled -Duchardet=enabled -Drubberband=enabled -Dlcms2=enabled -Dopenal=enabled -Dspirv-cross=enabled -Dvulkan=enabled -Dvapoursynth=enabled -Degl-angle=enabled -Dc_args=-Wno-error=int-conversion -Dprefix=/__w/mpv-winbuild-cmake/mpv-winbuild-cmake/build_x86_64/x86_64-w64-mingw32 -Dlibdir=/__w/mpv-winbuild-cmake/mpv-winbuild-cmake/build_x86_64/x86_64-w64-mingw32/lib -Ddefault_library=shared -Dprefer_static=True --cross-file=/__w/mpv-winbuild-cmake/mpv-winbuild-cmake/build_x86_64/meson_cross.txt
[   0.000][v][cplayer] List of enabled features: build-date cplugins cuda-hwaccel cuda-interop d3d-hwaccel d3d11 d3d9-hwaccel debug direct3d dos-paths dvdnav dxgi-debug dxgi-debug-d3d11 egl-angle egl-angle-win32 ffmpeg ffnvcodec gl gl-dxinterop gl-dxinterop-d3d9 gl-win32 glob glob-win32 gpl iconv javascript jpeg lcms2 libarchive libass libavdevice libbluray libplacebo luajit openal pathcch rubberband rubberband-3 sdl2 sdl2-audio sdl2-gamepad sdl2-video shaderc spirv-cross uchardet vaapi vaapi-win32 vapoursynth vector vulkan vulkan-interop wasapi win32 win32-desktop win32-executable win32-threads zimg zimg-st428 zlib
[   0.000][v][cplayer] Built with NDEBUG.
[   0.000][d][global] home path: '' -> 'C:\Users\Rudy\AppData\Roaming/mpv'
[   0.000][d][global] user path: '~~home/' -> 'C:\Users\Rudy\AppData\Roaming/mpv'
[   0.000][d][global] user path: '~~old_home/' -> ''
[   0.000][d][global] config path: 'encoding-profiles.conf' -/-> 'C:\Users\Rudy\AppData\Roaming/mpv/encoding-profiles.conf'
[   0.000][d][global] config path: 'encoding-profiles.conf' -/-> 'C:/Users/Rudy/Documents/code/Electron/mpv/encoding-profiles.conf'
[   0.000][d][global] config path: 'encoding-profiles.conf' -/-> 'C:/Users/Rudy/Documents/code/Electron/mpv/mpv/encoding-profiles.conf'
[   0.000][d][global] config path: 'mpv.conf' -> 'C:\Users\Rudy\AppData\Roaming/mpv/mpv.conf'
[   0.000][d][global] config path: 'config' -/-> 'C:\Users\Rudy\AppData\Roaming/mpv/config'
[   0.000][d][global] config path: 'mpv.conf' -/-> 'C:/Users/Rudy/Documents/code/Electron/mpv/mpv.conf'
[   0.000][d][global] config path: 'config' -/-> 'C:/Users/Rudy/Documents/code/Electron/mpv/config'
[   0.000][d][global] config path: 'mpv.conf' -/-> 'C:/Users/Rudy/Documents/code/Electron/mpv/mpv/mpv.conf'
[   0.000][d][global] config path: 'config' -/-> 'C:/Users/Rudy/Documents/code/Electron/mpv/mpv/config'
[   0.000][v][cplayer] Reading config file C:\Users\Rudy\AppData\Roaming/mpv/mpv.conf
[   0.000][v][ifo_dvdnav] Opening C:\Users\Rudy\AppData\Roaming/mpv/mpv.conf
[   0.000][v][bdmv/bluray] Opening C:\Users\Rudy\AppData\Roaming/mpv/mpv.conf
[   0.000][v][file] Opening C:\Users\Rudy\AppData\Roaming/mpv/mpv.conf
[   0.000][d][file] resize stream to 131072 bytes, drop 0 bytes
[   0.000][d][file] Stream opened successfully.
[   0.000][v][cplayer] Applying profile 'default'...
[   0.000][v][cplayer] Setting option 'vo' = 'gpu' (flags = 4)
[   0.000][v][cplayer] Setting option 'gpu-context' = 'win' (flags = 4)
[   0.000][v][cplayer] Setting option 'log-file' = 'mpv.log' (flags = 4)
[   0.000][v][cplayer] Setting option 'input-ipc-server' = '\\.\pipe\mpvserver' (flags = 8)
[   0.000][v][cplayer] Setting option 'idle' = '' (flags = 8)
[   0.000][v][cplayer] Setting option 'really-quiet' = '' (flags = 8)
[   0.000][d][global] config path: 'input.conf' -/-> 'C:\Users\Rudy\AppData\Roaming/mpv/input.conf'
[   0.000][d][global] config path: 'input.conf' -/-> 'C:/Users/Rudy/Documents/code/Electron/mpv/input.conf'
[   0.000][d][global] config path: 'input.conf' -/-> 'C:/Users/Rudy/Documents/code/Electron/mpv/mpv/input.conf'
[   0.000][d][global] user path: 'mpv.log' -> 'mpv.log'
[   0.005][v][cplayer] mpv v0.38.0-641-g6107112b Copyright © 2000-2024 mpv/MPlayer/mplayer2 projects
[   0.005][v][cplayer]  built on Jul 27 2024 00:04:34
[   0.005][v][cplayer] libplacebo version: v7.349.0 (v7.349.0-dirty)
[   0.005][v][cplayer] FFmpeg version: N-116435-g719e46f54
[   0.005][v][cplayer] FFmpeg library versions:
[   0.005][v][cplayer]    libavcodec      61.10.100
[   0.005][v][cplayer]    libavdevice     61.2.100
[   0.005][v][cplayer]    libavfilter     10.2.102
[   0.005][v][cplayer]    libavformat     61.5.101
[   0.005][v][cplayer]    libavutil       59.29.100
[   0.005][v][cplayer]    libswresample   5.2.100
[   0.005][v][cplayer]    libswscale      8.2.100
[   0.005][v][cplayer] Configuration: -Ddebug=true -Db_ndebug=true -Doptimization=3 -Db_lto=true -Db_lto_mode=thin -Dlibmpv=true -Dpdf-build=enabled -Dlua=enabled -Djavascript=enabled -Dsdl2=enabled -Dlibarchive=enabled -Dlibbluray=enabled -Ddvdnav=enabled -Duchardet=enabled -Drubberband=enabled -Dlcms2=enabled -Dopenal=enabled -Dspirv-cross=enabled -Dvulkan=enabled -Dvapoursynth=enabled -Degl-angle=enabled -Dc_args=-Wno-error=int-conversion -Dprefix=/__w/mpv-winbuild-cmake/mpv-winbuild-cmake/build_x86_64/x86_64-w64-mingw32 -Dlibdir=/__w/mpv-winbuild-cmake/mpv-winbuild-cmake/build_x86_64/x86_64-w64-mingw32/lib -Ddefault_library=shared -Dprefer_static=True --cross-file=/__w/mpv-winbuild-cmake/mpv-winbuild-cmake/build_x86_64/meson_cross.txt
[   0.005][v][cplayer] List of enabled features: build-date cplugins cuda-hwaccel cuda-interop d3d-hwaccel d3d11 d3d9-hwaccel debug direct3d dos-paths dvdnav dxgi-debug dxgi-debug-d3d11 egl-angle egl-angle-win32 ffmpeg ffnvcodec gl gl-dxinterop gl-dxinterop-d3d9 gl-win32 glob glob-win32 gpl iconv javascript jpeg lcms2 libarchive libass libavdevice libbluray libplacebo luajit openal pathcch rubberband rubberband-3 sdl2 sdl2-audio sdl2-gamepad sdl2-video shaderc spirv-cross uchardet vaapi vaapi-win32 vapoursynth vector vulkan vulkan-interop wasapi win32 win32-desktop win32-executable win32-threads zimg zimg-st428 zlib
[   0.005][v][cplayer] Built with NDEBUG.
[   0.005][d][osc] Loading lua script @osc.lua...
[   0.005][d][ytdl_hook] Loading lua script @ytdl_hook.lua...
[   0.005][d][stats] Loading lua script @stats.lua...
[   0.005][d][console] Loading lua script @console.lua...
[   0.005][d][auto_profiles] Loading lua script @auto_profiles.lua...
[   0.005][d][select] Loading lua script @select.lua...
[   0.005][d][global] config path: 'scripts' -/-> 'C:\Users\Rudy\AppData\Roaming/mpv/scripts'
[   0.005][d][global] config path: 'scripts' -/-> 'C:/Users/Rudy/Documents/code/Electron/mpv/scripts'
[   0.005][d][global] config path: 'scripts' -/-> 'C:/Users/Rudy/Documents/code/Electron/mpv/mpv/scripts'
[   0.005][v][cplayer] Waiting for scripts...
[   0.005][v][ipc] Starting IPC master
[   0.005][d][auto_profiles] loading mp.defaults
[   0.005][d][osc] loading mp.defaults
[   0.005][d][select] loading mp.defaults
[   0.005][d][ytdl_hook] loading mp.defaults
[   0.005][d][console] loading mp.defaults
[   0.005][d][stats] loading mp.defaults
[   0.006][d][console] loading @console.lua
[   0.006][d][osc] loading @osc.lua
[   0.006][d][auto_profiles] loading @auto_profiles.lua
[   0.006][d][stats] loading @stats.lua
[   0.006][d][ytdl_hook] loading @ytdl_hook.lua
[   0.006][d][select] loading @select.lua
[   0.006][v][ipc] Listening to IPC pipe.
[   0.006][v][ipc_0] Client connected
[   0.006][d][cplayer] Run command: define-section, flags=64, args=[name="input_select", contents="", flags="default"]
[   0.006][d][cplayer] Run command: enable-section, flags=64, args=[name="input_select", flags="allow-hide-cursor+allow-vo-dragging"]
[   0.006][d][cplayer] Run command: define-section, flags=64, args=[name="input_forced_select", contents="", flags="force"]
[   0.006][d][cplayer] Run command: enable-section, flags=64, args=[name="input_forced_select", flags="allow-hide-cursor+allow-vo-dragging"]
[   0.006][d][ytdl_hook] reading options for ytdl_hook
[   0.007][d][global] config path: 'script-opts/ytdl_hook.conf' -/-> 'C:\Users\Rudy\AppData\Roaming/mpv/script-opts/ytdl_hook.conf'
[   0.007][d][global] config path: 'script-opts/ytdl_hook.conf' -/-> 'C:/Users/Rudy/Documents/code/Electron/mpv/script-opts/ytdl_hook.conf'
[   0.007][d][global] config path: 'script-opts/ytdl_hook.conf' -/-> 'C:/Users/Rudy/Documents/code/Electron/mpv/mpv/script-opts/ytdl_hook.conf'
[   0.007][d][ytdl_hook] script-opts/ytdl_hook.conf not found.
[   0.007][d][global] config path: 'lua-settings/ytdl_hook.conf' -/-> 'C:\Users\Rudy\AppData\Roaming/mpv/lua-settings/ytdl_hook.conf'
[   0.007][d][console] reading options for console
[   0.007][d][global] config path: 'lua-settings/ytdl_hook.conf' -/-> 'C:/Users/Rudy/Documents/code/Electron/mpv/lua-settings/ytdl_hook.conf'
[   0.007][d][global] config path: 'lua-settings/ytdl_hook.conf' -/-> 'C:/Users/Rudy/Documents/code/Electron/mpv/mpv/lua-settings/ytdl_hook.conf'
[   0.007][d][ytdl_hook] lua-settings/ytdl_hook.conf not found.
[   0.007][d][global] config path: 'script-opts/console.conf' -/-> 'C:\Users\Rudy\AppData\Roaming/mpv/script-opts/console.conf'
[   0.007][d][global] config path: 'script-opts/console.conf' -/-> 'C:/Users/Rudy/Documents/code/Electron/mpv/script-opts/console.conf'
[   0.007][d][global] config path: 'script-opts/console.conf' -/-> 'C:/Users/Rudy/Documents/code/Electron/mpv/mpv/script-opts/console.conf'
[   0.007][d][console] script-opts/console.conf not found.
[   0.007][d][global] config path: 'lua-settings/console.conf' -/-> 'C:\Users\Rudy\AppData\Roaming/mpv/lua-settings/console.conf'
[   0.007][d][global] config path: 'lua-settings/console.conf' -/-> 'C:/Users/Rudy/Documents/code/Electron/mpv/lua-settings/console.conf'
[   0.007][d][global] config path: 'lua-settings/console.conf' -/-> 'C:/Users/Rudy/Documents/code/Electron/mpv/mpv/lua-settings/console.conf'
[   0.007][v][ipc_0] Client disconnected
[   0.007][d][console] lua-settings/console.conf not found.
[   0.007][d][ipc_0] Exiting...
[   0.007][d][stats] reading options for stats
[   0.007][v][ipc_1] Client connected
[   0.007][d][global] config path: 'script-opts/stats.conf' -/-> 'C:\Users\Rudy\AppData\Roaming/mpv/script-opts/stats.conf'
[   0.007][d][global] config path: 'script-opts/stats.conf' -/-> 'C:/Users/Rudy/Documents/code/Electron/mpv/script-opts/stats.conf'
[   0.007][d][global] config path: 'script-opts/stats.conf' -/-> 'C:/Users/Rudy/Documents/code/Electron/mpv/mpv/script-opts/stats.conf'
[   0.007][d][stats] script-opts/stats.conf not found.
[   0.007][d][global] config path: 'lua-settings/stats.conf' -/-> 'C:\Users\Rudy\AppData\Roaming/mpv/lua-settings/stats.conf'
[   0.007][d][global] config path: 'lua-settings/stats.conf' -/-> 'C:/Users/Rudy/Documents/code/Electron/mpv/lua-settings/stats.conf'
[   0.007][d][global] config path: 'lua-settings/stats.conf' -/-> 'C:/Users/Rudy/Documents/code/Electron/mpv/mpv/lua-settings/stats.conf'
[   0.007][d][stats] lua-settings/stats.conf not found.
[   0.008][d][cplayer] Run command: define-section, flags=64, args=[name="showhide", contents="mouse_move script-binding osc/__keybinding1\nmouse_leave script-binding osc/__keybinding2\n", flags="force"]
[   0.008][d][cplayer] Run command: define-section, flags=64, args=[name="showhide_wc", contents="mouse_move script-binding osc/__keybinding3\nmouse_leave script-binding osc/__keybinding4\n", flags="force"]
[   0.008][d][cplayer] Run command: enable-section, flags=64, args=[name="showhide", flags="allow-hide-cursor+allow-vo-dragging"]
[   0.008][d][cplayer] Run command: enable-section, flags=64, args=[name="showhide_wc", flags="allow-hide-cursor+allow-vo-dragging"]
[   0.008][d][cplayer] Run command: define-section, flags=64, args=[name="input_console", contents="", flags="default"]
[   0.008][d][cplayer] Run command: define-section, flags=64, args=[name="input", contents="mbtn_left script-binding osc/__keybinding5\nshift+mbtn_left script-binding osc/__keybinding6\nmbtn_right script-binding osc/__keybinding7\nmbtn_mid script-binding osc/__keybinding8\nwheel_up script-binding osc/__keybinding9\nwheel_down script-binding osc/__keybinding10\nmbtn_left_dbl ignore\nshift+mbtn_left_dbl ignore\nmbtn_right_dbl ignore\n", flags="force"]
[   0.008][d][cplayer] Run command: enable-section, flags=64, args=[name="input", flags=""]
[   0.008][d][cplayer] Run command: define-section, flags=64, args=[name="input_stats", contents="", flags="default"]
[   0.008][d][cplayer] Run command: define-section, flags=64, args=[name="window-controls", contents="mbtn_left script-binding osc/__keybinding11\n", flags="force"]
[   0.008][d][cplayer] Run command: enable-section, flags=64, args=[name="input_console", flags="allow-hide-cursor+allow-vo-dragging"]
[   0.008][d][cplayer] Run command: enable-section, flags=64, args=[name="input_stats", flags="allow-hide-cursor+allow-vo-dragging"]
[   0.008][d][cplayer] Run command: define-section, flags=64, args=[name="input_forced_console", contents="", flags="force"]
[   0.008][d][cplayer] Run command: define-section, flags=64, args=[name="input_forced_stats", contents="", flags="force"]
[   0.008][d][cplayer] Run command: enable-section, flags=64, args=[name="input_forced_console", flags="allow-hide-cursor+allow-vo-dragging"]
[   0.008][d][cplayer] Run command: enable-section, flags=64, args=[name="window-controls", flags=""]
[   0.008][d][cplayer] Run command: enable-section, flags=64, args=[name="input_forced_stats", flags="allow-hide-cursor+allow-vo-dragging"]
[   0.008][d][osc] reading options for osc
[   0.008][d][global] config path: 'script-opts/osc.conf' -/-> 'C:\Users\Rudy\AppData\Roaming/mpv/script-opts/osc.conf'
[   0.008][d][global] config path: 'script-opts/osc.conf' -/-> 'C:/Users/Rudy/Documents/code/Electron/mpv/script-opts/osc.conf'
[   0.008][d][global] config path: 'script-opts/osc.conf' -/-> 'C:/Users/Rudy/Documents/code/Electron/mpv/mpv/script-opts/osc.conf'
[   0.008][d][osc] script-opts/osc.conf not found.
[   0.008][d][global] config path: 'lua-settings/osc.conf' -/-> 'C:\Users\Rudy\AppData\Roaming/mpv/lua-settings/osc.conf'
[   0.008][d][global] config path: 'lua-settings/osc.conf' -/-> 'C:/Users/Rudy/Documents/code/Electron/mpv/lua-settings/osc.conf'
[   0.008][d][global] config path: 'lua-settings/osc.conf' -/-> 'C:/Users/Rudy/Documents/code/Electron/mpv/mpv/lua-settings/osc.conf'
[   0.008][d][osc] lua-settings/osc.conf not found.
[   0.008][v][cplayer] Set property: user-data/osc/visibility="auto" -> 1
[   0.008][d][cplayer] Run command: disable-section, flags=64, args=[name="input"]
[   0.008][d][cplayer] Run command: disable-section, flags=64, args=[name="window-controls"]
[   0.008][v][cplayer] Set property: user-data/osc/margins={"t":0,"l":0,"r":0,"b":0} -> 1
[   0.008][v][cplayer] Done loading scripts.
[   0.009][v][cplayer] Set property: user-data/osc/margins={"t":0,"l":0,"r":0,"b":0} -> 1
[   0.009][d][cplayer] Run command: define-section, flags=64, args=[name="input_osc", contents="", flags="default"]
[   0.009][d][cplayer] Run command: enable-section, flags=64, args=[name="input_osc", flags="allow-hide-cursor+allow-vo-dragging"]
[   0.009][d][cplayer] Run command: define-section, flags=64, args=[name="input_forced_osc", contents="", flags="force"]
[   0.009][d][cplayer] Run command: enable-section, flags=64, args=[name="input_forced_osc", flags="allow-hide-cursor+allow-vo-dragging"]
[   2.202][d][cplayer] Run command: loadfile, flags=64, args=[url="C:\\Users\\Rudy\\Documents\\code\\Electron\\dev\\vid.mp4", flags="replace", index="-1", options=""]
[   2.202][v][cplayer] Running hook: auto_profiles/on_before_start_file
[   2.202][v][cplayer] Set property: pause=false -> 1
[   2.203][d][global] state path: 'watch_later' -> 'C:\Users\Rudy\AppData\Local/mpv/watch_later'
[   2.203][v][cplayer] Running hook: ytdl_hook/on_load
[   2.203][v][cplayer] Running hook: ytdl_hook/on_load
[   2.203][v][ytdl_hook] playlist hook
[   2.204][v][cplayer] Running hook: auto_profiles/on_load
[   2.204][d][osc] osc_init
[   2.204][v][ifo_dvdnav] Opening C:\Users\Rudy\Documents\code\Electron\dev\vid.mp4
[   2.204][v][bdmv/bluray] Opening C:\Users\Rudy\Documents\code\Electron\dev\vid.mp4
[   2.204][v][file] Opening C:\Users\Rudy\Documents\code\Electron\dev\vid.mp4
[   2.204][d][file] resize stream to 131072 bytes, drop 0 bytes
[   2.204][d][file] Stream opened successfully.
[   2.204][v][demux] Trying demuxers for level=normal.
[   2.204][d][demux] Trying demuxer: disc (force-level: normal)
[   2.204][d][demux] Trying demuxer: edl (force-level: normal)
[   2.204][v][cplayer] Set property: user-data/osc/margins={"t":0,"l":0,"r":0,"b":0} -> 1
[   2.204][d][demux] Trying demuxer: cue (force-level: normal)
[   2.204][d][demux] Trying demuxer: rawaudio (force-level: normal)
[   2.204][d][demux] Trying demuxer: rawvideo (force-level: normal)
[   2.204][d][demux] Trying demuxer: mkv (force-level: normal)
[   2.204][d][demux] Trying demuxer: libarchive (force-level: normal)
[   2.204][d][global] config path: 'fonts' -/-> 'C:\Users\Rudy\AppData\Roaming/mpv/fonts'
[   2.204][d][demux] Trying demuxer: lavf (force-level: normal)
[   2.204][d][global] config path: 'fonts' -/-> 'C:/Users/Rudy/Documents/code/Electron/mpv/fonts'
[   2.204][d][global] config path: 'fonts' -/-> 'C:/Users/Rudy/Documents/code/Electron/mpv/mpv/fonts'
[   2.204][d][osd/libass] ASS library version: 0x1703000 (runtime 0x1703000)
[   2.205][v][osd/libass] libass API version: 0x1703000
[   2.205][v][osd/libass] libass source: meson, commit: 0.17.3-6-gc5bb87e2f5d6c18763b4614817c206a4f4d2332a
[   2.205][v][osd/libass] Shaper: FriBidi 1.0.15 (SIMPLE) HarfBuzz-ng 9.0.0 (COMPLEX)
[   2.205][d][global] config path: 'subfont.ttf' -/-> 'C:\Users\Rudy\AppData\Roaming/mpv/subfont.ttf'
[   2.205][d][global] config path: 'subfont.ttf' -/-> 'C:/Users/Rudy/Documents/code/Electron/mpv/subfont.ttf'
[   2.205][d][global] config path: 'subfont.ttf' -/-> 'C:/Users/Rudy/Documents/code/Electron/mpv/mpv/subfont.ttf'
[   2.205][d][global] config path: 'fonts.conf' -/-> 'C:\Users\Rudy\AppData\Roaming/mpv/fonts.conf'
[   2.205][d][global] config path: 'fonts.conf' -/-> 'C:/Users/Rudy/Documents/code/Electron/mpv/fonts.conf'
[   2.205][d][global] config path: 'fonts.conf' -> 'C:/Users/Rudy/Documents/code/Electron/mpv/mpv/fonts.conf'
[   2.205][v][osd/libass] Setting up fonts...
[   2.206][v][osd/libass] Using font provider directwrite (with GDI)
[   2.206][v][osd/libass] Done.
[   2.209][v][lavf] Found 'mov,mp4,m4a,3gp,3g2,mj2' at score=100 size=2048.
[   2.211][v][demux] Detected file format: mov,mp4,m4a,3gp,3g2,mj2 (libavformat)
[   2.211][v][cplayer] Opening done: C:\Users\Rudy\Documents\code\Electron\dev\vid.mp4
[   2.211][v][find_files] Loading external files in C:\Users\Rudy\Documents\code\Electron\dev\
[   2.212][d][global] config path: 'sub' -/-> 'C:\Users\Rudy\AppData\Roaming/mpv/sub'
[   2.212][d][global] config path: 'sub' -/-> 'C:/Users/Rudy/Documents/code/Electron/mpv/sub'
[   2.212][d][global] config path: 'sub' -/-> 'C:/Users/Rudy/Documents/code/Electron/mpv/mpv/sub'
[   2.212][v][cplayer] Running hook: ytdl_hook/on_preloaded
[   2.212][v][cplayer] Running hook: auto_profiles/on_preloaded
[   2.212][v][lavf] select track 1
[   2.212][v][lavf] select track 0
[   2.212][i][cplayer] ● Video  --vid=1               (h264 1280x720 29.97 fps) [default]
[   2.212][i][cplayer] ● Audio  --aid=1  --alang=eng  (aac 2ch 44100 Hz 128 kbps) [default]
[   2.212][v][vo/gpu/opengl] Initializing GPU context 'win'
[   2.318][v][vo/gpu] GL_VERSION='4.6.0 Compatibility Profile Context 24.7.1.240711'
[   2.318][v][vo/gpu] Detected desktop OpenGL 4.6.
[   2.318][v][vo/gpu] GL_VENDOR='ATI Technologies Inc.'
[   2.318][v][vo/gpu] GL_RENDERER='AMD Radeon(TM) Graphics'
[   2.318][v][vo/gpu] GL_SHADING_LANGUAGE_VERSION='4.60'
[   2.318][d][vo/gpu] Combined OpenGL extensions string:
[   2.318][d][vo/gpu]  GL_AMD_blend_minmax_factor GL_AMD_conservative_depth GL_AMD_debug_output GL_AMD_depth_clamp_separate GL_AMD_gpu_shader_half_float GL_AMD_gpu_shader_int16 GL_AMD_gpu_shader_int64 GL_AMD_multi_draw_indirect GL_AMD_pinned_memory GL_AMD_query_buffer_object GL_AMD_sample_positions GL_AMD_seamless_cubemap_per_texture GL_AMD_shader_trinary_minmax GL_AMD_texture_cube_map_array GL_AMD_vertex_shader_layer GL_AMD_vertex_shader_viewport_index GL_ARB_ES2_compatibility GL_ARB_ES3_1_compatibility GL_ARB_ES3_2_compatibility GL_ARB_ES3_compatibility GL_ARB_arrays_of_arrays GL_ARB_base_instance GL_ARB_bindless_texture GL_ARB_blend_func_extended GL_ARB_buffer_storage GL_ARB_clear_buffer_object GL_ARB_clear_texture GL_ARB_clip_control GL_ARB_color_buffer_float GL_ARB_compatibility GL_ARB_compressed_texture_pixel_storage GL_ARB_compute_shader GL_ARB_conditional_render_inverted GL_ARB_conservative_depth GL_ARB_copy_buffer GL_ARB_copy_image GL_ARB_cull_distance GL_ARB_debug_output GL_ARB_depth_buffer_float GL_ARB_depth_clamp GL_ARB_depth_texture GL_ARB_derivative_control GL_ARB_direct_state_access GL_ARB_draw_buffers GL_ARB_draw_buffers_blend GL_ARB_draw_elements_base_vertex GL_ARB_draw_indirect GL_ARB_draw_instanced GL_ARB_enhanced_layouts GL_ARB_explicit_attrib_location GL_ARB_explicit_uniform_location GL_ARB_fragment_coord_conventions GL_ARB_fragment_layer_viewport GL_ARB_fragment_program GL_ARB_fragment_program_shadow GL_ARB_fragment_shader GL_ARB_framebuffer_no_attachments GL_ARB_framebuffer_object GL_ARB_framebuffer_sRGB GL_ARB_geometry_shader4 GL_ARB_get_program_binary GL_ARB_get_texture_sub_image GL_ARB_gl_spirv GL_ARB_gpu_shader5 GL_ARB_gpu_shader_fp64 GL_ARB_gpu_shader_int64 GL_ARB_half_float_pixel GL_ARB_half_float_vertex GL_ARB_indirect_parameters GL_ARB_instanced_arrays GL_ARB_internalformat_query GL_ARB_internalformat_query2 GL_ARB_invalidate_subdata GL_ARB_map_buffer_range GL_ARB_multi_bind GL_ARB_multi_draw_indirect GL_ARB_multisample GL_ARB_multitexture GL_ARB_occlusion_query GL_ARB_occlusion_query2 GL_ARB_parallel_shader_compile GL_ARB_pipeline_statistics_query GL_ARB_pixel_buffer_object GL_ARB_point_parameters GL_ARB_point_sprite GL_ARB_polygon_offset_clamp GL_ARB_post_depth_coverage GL_ARB_program_interface_query GL_ARB_provoking_vertex GL_ARB_query_buffer_object GL_ARB_robustness GL_ARB_sample_locations GL_ARB_sample_shading GL_ARB_sampler_objects GL_ARB_seamless_cube_map GL_ARB_seamless_cubemap_per_texture GL_ARB_separate_shader_objects GL_ARB_shader_atomic_counter_ops GL_ARB_shader_atomic_counters GL_ARB_shader_ballot GL_ARB_shader_bit_encoding GL_ARB_shader_clock GL_ARB_shader_draw_parameters GL_ARB_shader_group_vote GL_ARB_shader_image_load_store GL_ARB_shader_image_size GL_ARB_shader_objects GL_ARB_shader_precision GL_ARB_shader_stencil_export GL_ARB_shader_storage_buffer_object GL_ARB_shader_subroutine GL_ARB_shader_texture_image_samples GL_ARB_shader_texture_lod GL_ARB_shader_viewport_layer_array GL_ARB_shading_language_100 GL_ARB_shading_language_420pack GL_ARB_shading_language_packing GL_ARB_shadow GL_ARB_shadow_ambient GL_ARB_sparse_buffer GL_ARB_sparse_texture GL_ARB_spirv_extensions GL_ARB_stencil_texturing GL_ARB_sync GL_ARB_tessellation_shader GL_ARB_texture_barrier GL_ARB_texture_border_clamp GL_ARB_texture_buffer_object GL_ARB_texture_buffer_object_rgb32 GL_ARB_texture_buffer_range GL_ARB_texture_compression GL_ARB_texture_compression_bptc GL_ARB_texture_compression_rgtc GL_ARB_texture_cube_map GL_ARB_texture_cube_map_array GL_ARB_texture_env_add GL_ARB_texture_env_combine GL_ARB_texture_env_crossbar GL_ARB_texture_env_dot3 GL_ARB_texture_filter_anisotropic GL_ARB_texture_filter_minmax GL_ARB_texture_float GL_ARB_texture_gather GL_ARB_texture_mirror_clamp_to_edge GL_ARB_texture_mirrored_repeat GL_ARB_texture_multisample GL_ARB_texture_multisample_no_array GL_ARB_texture_non_power_of_two GL_ARB_texture_query_levels GL_ARB_texture_query_lod GL_ARB_texture_rectangle GL_ARB_texture_rg GL_ARB_texture_rgb10_a2ui GL_ARB_texture_stencil8 GL_ARB_texture_storage GL_ARB_texture_storage_multisample GL_ARB_texture_swizzle GL_ARB_texture_view GL_ARB_timer_query GL_ARB_transform_feedback GL_ARB_transform_feedback2 GL_ARB_transform_feedback3 GL_ARB_transform_feedback_instanced GL_ARB_transform_feedback_overflow_query GL_ARB_transpose_matrix GL_ARB_uniform_buffer_object GL_ARB_vertex_array_bgra GL_ARB_vertex_array_object GL_ARB_vertex_attrib_64bit GL_ARB_vertex_attrib_binding GL_ARB_vertex_buffer_object GL_ARB_vertex_program GL_ARB_vertex_shader GL_ARB_vertex_type_10f_11f_11f_rev GL_ARB_vertex_type_2_10_10_10_rev GL_ARB_viewport_array GL_ARB_window_pos GL_ATI_draw_buffers GL_ATI_meminfo GL_ATI_separate_stencil GL_ATI_shader_texture_lod GL_ATI_texture_env_combine3 GL_ATI_texture_float GL_ATI_texture_mirror_once GL_EXT_abgr GL_EXT_bgra GL_EXT_bindable_uniform GL_EXT_blend_color GL_EXT_blend_equation_separate GL_EXT_blend_func_separate GL_EXT_blend_minmax GL_EXT_blend_subtract GL_EXT_compiled_vertex_array GL_EXT_copy_buffer GL_EXT_copy_texture GL_EXT_debug_label GL_EXT_depth_bounds_test GL_EXT_direct_state_access GL_EXT_draw_buffers2 GL_EXT_draw_instanced GL_EXT_draw_range_elements GL_EXT_fog_coord GL_EXT_framebuffer_blit GL_EXT_framebuffer_multisample GL_EXT_framebuffer_object GL_EXT_framebuffer_sRGB GL_EXT_geometry_shader4 GL_EXT_gpu_program_parameters GL_EXT_gpu_shader4 GL_EXT_memory_object GL_EXT_memory_object_win32 GL_EXT_multi_draw_arrays GL_EXT_nonuniform_qualifier GL_EXT_packed_depth_stencil GL_EXT_packed_float GL_EXT_packed_pixels GL_EXT_pixel_buffer_object GL_EXT_point_parameters GL_EXT_polygon_offset_clamp GL_EXT_provoking_vertex GL_EXT_rescale_normal GL_EXT_secondary_color GL_EXT_semaphore GL_EXT_semaphore_win32 GL_EXT_separate_specular_color GL_EXT_shader_image_load_formatted GL_EXT_shader_image_load_store GL_EXT_shader_integer_mix GL_EXT_shadow_funcs GL_EXT_stencil_wrap GL_EXT_subtexture GL_EXT_texture GL_EXT_texture3D GL_EXT_texture_array GL_EXT_texture_buffer_object GL_EXT_texture_compression_bptc GL_EXT_texture_compression_latc GL_EXT_texture_compression_rgtc GL_EXT_texture_compression_s3tc GL_EXT_texture_cube_map GL_EXT_texture_edge_clamp GL_EXT_texture_env_add GL_EXT_texture_env_combine GL_EXT_texture_env_dot3 GL_EXT_texture_filter_anisotropic GL_EXT_texture_integer GL_EXT_texture_lod GL_EXT_texture_lod_bias GL_EXT_texture_mirror_clamp GL_EXT_texture_object GL_EXT_texture_rectangle GL_EXT_texture_sRGB GL_EXT_texture_sRGB_R8 GL_EXT_texture_sRGB_RG8 GL_EXT_texture_sRGB_decode GL_EXT_texture_shared_exponent GL_EXT_texture_snorm GL_EXT_texture_storage GL_EXT_texture_swizzle GL_EXT_timer_query GL_EXT_transform_feedback GL_EXT_vertex_array GL_EXT_vertex_array_bgra GL_EXT_vertex_attrib_64bit GL_IBM_texture_mirrored_repeat GL_KHR_blend_equation_advanced GL_KHR_blend_equation_advanced_coherent GL_KHR_debug GL_KHR_no_error GL_KHR_parallel_shader_compile GL_KHR_robust_buffer_access_behavior GL_KHR_robustness GL_KHR_shader_subgroup GL_KHR_texture_compression_astc_ldr GL_NV_blend_square GL_NV_conditional_render GL_NV_copy_image GL_NV_depth_buffer_float GL_NV_float_buffer GL_NV_half_float GL_NV_primitive_restart GL_NV_shader_atomic_int64 GL_NV_texgen_reflection GL_NV_texture_barrier GL_NV_timeline_semaphore GL_OES_EGL_image GL_OVR_multiview GL_OVR_multiview2 GL_S3_s3tc GL_SGIS_generate_mipmap GL_SGIS_texture_edge_clamp GL_SGIS_texture_lod GL_SUN_multi_draw_arrays WGL_EXT_swap_control
[   2.319][v][vo/gpu] Loaded extension WGL_EXT_swap_control.
[   2.319][v][vo/gpu] Loaded extension GL_KHR_debug.
[   2.319][d][vo/gpu/opengl] Texture formats:
[   2.319][d][vo/gpu/opengl]   NAME       COMP*TYPE SIZE           DEPTH PER COMP.
[   2.319][d][vo/gpu/opengl]   r8         1*unorm   1B    LF CR ST {8}
[   2.319][d][vo/gpu/opengl]   rg8        2*unorm   2B    LF CR ST {8 8}
[   2.319][d][vo/gpu/opengl]   rgb8       3*unorm   3B    LF CR ST {8 8 8}
[   2.319][d][vo/gpu/opengl]   rgba8      4*unorm   4B    LF CR ST {8 8 8 8}
[   2.319][d][vo/gpu/opengl]   r16        1*unorm   2B    LF CR ST {16}
[   2.319][d][vo/gpu/opengl]   rg16       2*unorm   4B    LF CR ST {16 16}
[   2.319][d][vo/gpu/opengl]   rgb16      3*unorm   6B    LF CR ST {16 16 16}
[   2.319][d][vo/gpu/opengl]   rgba16     4*unorm   8B    LF CR ST {16 16 16 16}
[   2.319][d][vo/gpu/opengl]   r8ui       1*uint    1B       CR ST {8}
[   2.319][d][vo/gpu/opengl]   rg8ui      2*uint    2B       CR ST {8 8}
[   2.319][d][vo/gpu/opengl]   rgb8ui     3*uint    3B          ST {8 8 8}
[   2.319][d][vo/gpu/opengl]   rgba8ui    4*uint    4B       CR ST {8 8 8 8}
[   2.319][d][vo/gpu/opengl]   r16ui      1*uint    2B       CR ST {16}
[   2.319][d][vo/gpu/opengl]   rg16ui     2*uint    4B       CR ST {16 16}
[   2.319][d][vo/gpu/opengl]   rgb16ui    3*uint    6B          ST {16 16 16}
[   2.319][d][vo/gpu/opengl]   rgba16ui   4*uint    8B       CR ST {16 16 16 16}
[   2.319][d][vo/gpu/opengl]   r16f       1*float   4B    LF CR ST {32/16}
[   2.319][d][vo/gpu/opengl]   rg16f      2*float   8B    LF CR ST {32/16 32/16}
[   2.319][d][vo/gpu/opengl]   rgb16f     3*float  12B    LF CR ST {32/16 32/16 32/16}
[   2.319][d][vo/gpu/opengl]   rgba16f    4*float  16B    LF CR ST {32/16 32/16 32/16 32/16}
[   2.319][d][vo/gpu/opengl]   r32f       1*float   4B    LF CR ST {32}
[   2.319][d][vo/gpu/opengl]   rg32f      2*float   8B    LF CR ST {32 32}
[   2.319][d][vo/gpu/opengl]   rgb32f     3*float  12B    LF CR ST {32 32 32}
[   2.319][d][vo/gpu/opengl]   rgba32f    4*float  16B    LF CR ST {32 32 32 32}
[   2.319][d][vo/gpu/opengl]   rgb10_a2   4*unorm   4B    LF CR ST {0/10 0/10 0/10 0/2}
[   2.319][d][vo/gpu/opengl]   rgba12     4*unorm   8B    LF CR ST {16/12 16/12 16/12 16/12}
[   2.319][d][vo/gpu/opengl]   rgb10      3*unorm   6B    LF CR ST {16/10 16/10 16/10}
[   2.319][d][vo/gpu/opengl]   rgb565     3*unorm   2B    LF    ST {0/8 0/8 0/8}
[   2.319][d][vo/gpu/opengl]  LA = LUMINANCE_ALPHA hack format
[   2.319][d][vo/gpu/opengl]  LF = linear filterable
[   2.319][d][vo/gpu/opengl]  CR = can be used for render targets
[   2.319][d][vo/gpu/opengl]  ST = can be used for storable images
[   2.319][d][vo/gpu/opengl] Image formats:
[   2.319][d][vo/gpu/opengl]   yuv444p => 3 planes 1x1 8/0 [r8/r8/r8] (r/g/b) [unorm]
[   2.319][d][vo/gpu/opengl]   yuv420p => 3 planes 2x2 8/0 [r8/r8/r8] (r/g/b) [unorm]
[   2.319][d][vo/gpu/opengl]   gray => 1 planes 1x1 8/0 [r8] (r) [unorm]
[   2.319][d][vo/gpu/opengl]   gray16 => 1 planes 1x1 16/0 [r16] (r) [unorm]
[   2.319][d][vo/gpu/opengl]   uyvy422
[   2.319][d][vo/gpu/opengl]   nv12 => 2 planes 2x2 8/0 [r8/rg8] (r/gb) [unorm]
[   2.319][d][vo/gpu/opengl]   p010 => 2 planes 2x2 16/6 [r16/rg16] (r/gb) [unorm]
[   2.319][d][vo/gpu/opengl]   argb => 1 planes 1x1 8/0 [rgba8] (argb) [unorm]
[   2.319][d][vo/gpu/opengl]   bgra => 1 planes 1x1 8/0 [rgba8] (bgra) [unorm]
[   2.319][d][vo/gpu/opengl]   abgr => 1 planes 1x1 8/0 [rgba8] (abgr) [unorm]
[   2.320][d][vo/gpu/opengl]   rgba => 1 planes 1x1 8/0 [rgba8] (rgba) [unorm]
[   2.320][d][vo/gpu/opengl]   bgr24 => 1 planes 1x1 8/0 [rgb8] (bgr) [unorm]
[   2.320][d][vo/gpu/opengl]   rgb24 => 1 planes 1x1 8/0 [rgb8] (rgb) [unorm]
[   2.320][d][vo/gpu/opengl]   0rgb => 1 planes 1x1 8/0 [rgba8] (_rgb) [unorm]
[   2.320][d][vo/gpu/opengl]   bgr0 => 1 planes 1x1 8/0 [rgba8] (bgr) [unorm]
[   2.320][d][vo/gpu/opengl]   0bgr => 1 planes 1x1 8/0 [rgba8] (_bgr) [unorm]
[   2.320][d][vo/gpu/opengl]   rgb0 => 1 planes 1x1 8/0 [rgba8] (rgb) [unorm]
[   2.320][d][vo/gpu/opengl]   rgba64 => 1 planes 1x1 16/0 [rgba16] (rgba) [unorm]
[   2.320][d][vo/gpu/opengl]   rgb565 => 1 planes 1x1 0/0 [rgb565] (rgb) [unknown]
[   2.320][d][vo/gpu/opengl]   pal8
[   2.320][d][vo/gpu/opengl]   vdpau
[   2.320][d][vo/gpu/opengl]   d3d11
[   2.320][d][vo/gpu/opengl]   dxva2_vld
[   2.320][d][vo/gpu/opengl]   mmal
[   2.320][d][vo/gpu/opengl]   mediacodec
[   2.320][d][vo/gpu/opengl]   cuda
[   2.320][d][vo/gpu/opengl]   yap8 => 2 planes 1x1 8/0 [r8/r8] (r/a) [unorm]
[   2.320][d][vo/gpu/opengl]   yap16 => 2 planes 1x1 16/0 [r16/r16] (r/a) [unorm]
[   2.320][d][vo/gpu/opengl]   grayaf32 => 2 planes 1x1 32/0 [r16f/r16f] (r/a) [float]
[   2.320][d][vo/gpu/opengl]   yuv444pf => 3 planes 1x1 32/0 [r16f/r16f/r16f] (r/g/b) [float]
[   2.320][d][vo/gpu/opengl]   yuva444pf => 4 planes 1x1 32/0 [r16f/r16f/r16f/r16f] (r/g/b/a) [float]
[   2.320][d][vo/gpu/opengl]   yuv420pf => 3 planes 2x2 32/0 [r16f/r16f/r16f] (r/g/b) [float]
[   2.320][d][vo/gpu/opengl]   yuva420pf => 4 planes 2x2 32/0 [r16f/r16f/r16f/r16f] (r/g/b/a) [float]
[   2.320][d][vo/gpu/opengl]   yuv422pf => 3 planes 2x1 32/0 [r16f/r16f/r16f] (r/g/b) [float]
[   2.320][d][vo/gpu/opengl]   yuva422pf => 4 planes 2x1 32/0 [r16f/r16f/r16f/r16f] (r/g/b/a) [float]
[   2.320][d][vo/gpu/opengl]   yuv440pf => 3 planes 1x2 32/0 [r16f/r16f/r16f] (r/g/b) [float]
[   2.320][d][vo/gpu/opengl]   yuva440pf => 4 planes 1x2 32/0 [r16f/r16f/r16f/r16f] (r/g/b/a) [float]
[   2.320][d][vo/gpu/opengl]   yuv410pf => 3 planes 4x4 32/0 [r16f/r16f/r16f] (r/g/b) [float]
[   2.320][d][vo/gpu/opengl]   yuva410pf => 4 planes 4x4 32/0 [r16f/r16f/r16f/r16f] (r/g/b/a) [float]
[   2.320][d][vo/gpu/opengl]   yuv411pf => 3 planes 4x1 32/0 [r16f/r16f/r16f] (r/g/b) [float]
[   2.320][d][vo/gpu/opengl]   yuva411pf => 4 planes 4x1 32/0 [r16f/r16f/r16f/r16f] (r/g/b/a) [float]
[   2.320][d][vo/gpu/opengl]   rgb30 => 1 planes 1x1 10/0 [rgb10_a2] (bgr) [unknown]
[   2.320][d][vo/gpu/opengl]   y1 => 1 planes 1x1 8/-7 [r8] (r) [unorm]
[   2.320][d][vo/gpu/opengl]   gbrp1 => 3 planes 1x1 8/-7 [r8/r8/r8] (g/b/r) [unorm]
[   2.320][d][vo/gpu/opengl]   gbrp2 => 3 planes 1x1 8/-6 [r8/r8/r8] (g/b/r) [unorm]
[   2.320][d][vo/gpu/opengl]   gbrp3 => 3 planes 1x1 8/-5 [r8/r8/r8] (g/b/r) [unorm]
[   2.320][d][vo/gpu/opengl]   gbrp4 => 3 planes 1x1 8/-4 [r8/r8/r8] (g/b/r) [unorm]
[   2.320][d][vo/gpu/opengl]   gbrp5 => 3 planes 1x1 8/-3 [r8/r8/r8] (g/b/r) [unorm]
[   2.320][d][vo/gpu/opengl]   gbrp6 => 3 planes 1x1 8/-2 [r8/r8/r8] (g/b/r) [unorm]
[   2.320][d][vo/gpu/opengl]   vdpau_output
[   2.320][d][vo/gpu/opengl]   vaapi
[   2.320][d][vo/gpu/opengl]   videotoolbox
[   2.320][d][vo/gpu/opengl]   vulkan
[   2.320][d][vo/gpu/opengl]   drm_prime
[   2.320][d][vo/gpu/opengl]   yuyv422
[   2.320][d][vo/gpu/opengl]   yuv422p => 3 planes 2x1 8/0 [r8/r8/r8] (r/g/b) [unorm]
[   2.320][d][vo/gpu/opengl]   yuv410p => 3 planes 4x4 8/0 [r8/r8/r8] (r/g/b) [unorm]
[   2.320][d][vo/gpu/opengl]   yuv411p => 3 planes 4x1 8/0 [r8/r8/r8] (r/g/b) [unorm]
[   2.320][d][vo/gpu/opengl]   monow
[   2.320][d][vo/gpu/opengl]   monob
[   2.320][d][vo/gpu/opengl]   yuvj422p => 3 planes 2x1 8/0 [r8/r8/r8] (r/g/b) [unorm]
[   2.320][d][vo/gpu/opengl]   uyyvyy411
[   2.320][d][vo/gpu/opengl]   bgr8
[   2.320][d][vo/gpu/opengl]   bgr4
[   2.320][d][vo/gpu/opengl]   bgr4_byte
[   2.320][d][vo/gpu/opengl]   rgb8
[   2.320][d][vo/gpu/opengl]   rgb4
[   2.320][d][vo/gpu/opengl]   rgb4_byte
[   2.320][d][vo/gpu/opengl]   nv21 => 2 planes 2x2 8/0 [r8/rg8] (r/bg) [unorm]
[   2.320][d][vo/gpu/opengl]   gray16be
[   2.320][d][vo/gpu/opengl]   yuv440p => 3 planes 1x2 8/0 [r8/r8/r8] (r/g/b) [unorm]
[   2.320][d][vo/gpu/opengl]   yuvj440p => 3 planes 1x2 8/0 [r8/r8/r8] (r/g/b) [unorm]
[   2.320][d][vo/gpu/opengl]   yuva420p => 4 planes 2x2 8/0 [r8/r8/r8/r8] (r/g/b/a) [unorm]
[   2.320][d][vo/gpu/opengl]   rgb48be
[   2.320][d][vo/gpu/opengl]   rgb48 => 1 planes 1x1 16/0 [rgb16] (rgb) [unorm]
[   2.320][d][vo/gpu/opengl]   rgb565be
[   2.320][d][vo/gpu/opengl]   rgb555be
[   2.320][d][vo/gpu/opengl]   rgb555
[   2.320][d][vo/gpu/opengl]   bgr565be
[   2.320][d][vo/gpu/opengl]   bgr565
[   2.320][d][vo/gpu/opengl]   bgr555be
[   2.320][d][vo/gpu/opengl]   bgr555
[   2.320][d][vo/gpu/opengl]   yuv420p16 => 3 planes 2x2 16/0 [r16/r16/r16] (r/g/b) [unorm]
[   2.320][d][vo/gpu/opengl]   yuv420p16be
[   2.320][d][vo/gpu/opengl]   yuv422p16 => 3 planes 2x1 16/0 [r16/r16/r16] (r/g/b) [unorm]
[   2.320][d][vo/gpu/opengl]   yuv422p16be
[   2.320][d][vo/gpu/opengl]   yuv444p16 => 3 planes 1x1 16/0 [r16/r16/r16] (r/g/b) [unorm]
[   2.320][d][vo/gpu/opengl]   yuv444p16be
[   2.320][d][vo/gpu/opengl]   rgb444
[   2.320][d][vo/gpu/opengl]   rgb444be
[   2.320][d][vo/gpu/opengl]   bgr444
[   2.320][d][vo/gpu/opengl]   bgr444be
[   2.320][d][vo/gpu/opengl]   ya8 => 1 planes 1x1 8/0 [rg8] (ra) [unorm]
[   2.320][d][vo/gpu/opengl]   bgr48be
[   2.320][d][vo/gpu/opengl]   bgr48 => 1 planes 1x1 16/0 [rgb16] (bgr) [unorm]
[   2.320][d][vo/gpu/opengl]   yuv420p9be
[   2.320][d][vo/gpu/opengl]   yuv420p9 => 3 planes 2x2 16/-7 [r16/r16/r16] (r/g/b) [unorm]
[   2.320][d][vo/gpu/opengl]   yuv420p10be
[   2.320][d][vo/gpu/opengl]   yuv420p10 => 3 planes 2x2 16/-6 [r16/r16/r16] (r/g/b) [unorm]
[   2.320][d][vo/gpu/opengl]   yuv422p10be
[   2.320][d][vo/gpu/opengl]   yuv422p10 => 3 planes 2x1 16/-6 [r16/r16/r16] (r/g/b) [unorm]
[   2.320][d][vo/gpu/opengl]   yuv444p9be
[   2.320][d][vo/gpu/opengl]   yuv444p9 => 3 planes 1x1 16/-7 [r16/r16/r16] (r/g/b) [unorm]
[   2.320][d][vo/gpu/opengl]   yuv444p10be
[   2.320][d][vo/gpu/opengl]   yuv444p10 => 3 planes 1x1 16/-6 [r16/r16/r16] (r/g/b) [unorm]
[   2.320][d][vo/gpu/opengl]   yuv422p9be
[   2.320][d][vo/gpu/opengl]   yuv422p9 => 3 planes 2x1 16/-7 [r16/r16/r16] (r/g/b) [unorm]
[   2.320][d][vo/gpu/opengl]   gbrp => 3 planes 1x1 8/0 [r8/r8/r8] (g/b/r) [unorm]
[   2.320][d][vo/gpu/opengl]   gbrp9be
[   2.320][d][vo/gpu/opengl]   gbrp9 => 3 planes 1x1 16/-7 [r16/r16/r16] (g/b/r) [unorm]
[   2.320][d][vo/gpu/opengl]   gbrp10be
[   2.320][d][vo/gpu/opengl]   gbrp10 => 3 planes 1x1 16/-6 [r16/r16/r16] (g/b/r) [unorm]
[   2.320][d][vo/gpu/opengl]   gbrp16be
[   2.320][d][vo/gpu/opengl]   gbrp16 => 3 planes 1x1 16/0 [r16/r16/r16] (g/b/r) [unorm]
[   2.320][d][vo/gpu/opengl]   yuva422p => 4 planes 2x1 8/0 [r8/r8/r8/r8] (r/g/b/a) [unorm]
[   2.320][d][vo/gpu/opengl]   yuva444p => 4 planes 1x1 8/0 [r8/r8/r8/r8] (r/g/b/a) [unorm]
[   2.320][d][vo/gpu/opengl]   yuva420p9be
[   2.320][d][vo/gpu/opengl]   yuva420p9 => 4 planes 2x2 16/-7 [r16/r16/r16/r16] (r/g/b/a) [unorm]
[   2.320][d][vo/gpu/opengl]   yuva422p9be
[   2.320][d][vo/gpu/opengl]   yuva422p9 => 4 planes 2x1 16/-7 [r16/r16/r16/r16] (r/g/b/a) [unorm]
[   2.320][d][vo/gpu/opengl]   yuva444p9be
[   2.320][d][vo/gpu/opengl]   yuva444p9 => 4 planes 1x1 16/-7 [r16/r16/r16/r16] (r/g/b/a) [unorm]
[   2.320][d][vo/gpu/opengl]   yuva420p10be
[   2.320][d][vo/gpu/opengl]   yuva420p10 => 4 planes 2x2 16/-6 [r16/r16/r16/r16] (r/g/b/a) [unorm]
[   2.320][d][vo/gpu/opengl]   yuva422p10be
[   2.320][d][vo/gpu/opengl]   yuva422p10 => 4 planes 2x1 16/-6 [r16/r16/r16/r16] (r/g/b/a) [unorm]
[   2.320][d][vo/gpu/opengl]   yuva444p10be
[   2.320][d][vo/gpu/opengl]   yuva444p10 => 4 planes 1x1 16/-6 [r16/r16/r16/r16] (r/g/b/a) [unorm]
[   2.320][d][vo/gpu/opengl]   yuva420p16be
[   2.320][d][vo/gpu/opengl]   yuva420p16 => 4 planes 2x2 16/0 [r16/r16/r16/r16] (r/g/b/a) [unorm]
[   2.320][d][vo/gpu/opengl]   yuva422p16be
[   2.320][d][vo/gpu/opengl]   yuva422p16 => 4 planes 2x1 16/0 [r16/r16/r16/r16] (r/g/b/a) [unorm]
[   2.320][d][vo/gpu/opengl]   yuva444p16be
[   2.320][d][vo/gpu/opengl]   yuva444p16 => 4 planes 1x1 16/0 [r16/r16/r16/r16] (r/g/b/a) [unorm]
[   2.320][d][vo/gpu/opengl]   xyz12 => 1 planes 1x1 16/4 [rgb16] (rgb) [unorm]
[   2.320][d][vo/gpu/opengl]   xyz12be
[   2.320][d][vo/gpu/opengl]   nv16 => 2 planes 2x1 8/0 [r8/rg8] (r/gb) [unorm]
[   2.320][d][vo/gpu/opengl]   nv20 => 2 planes 2x1 16/-6 [r16/rg16] (r/gb) [unorm]
[   2.320][d][vo/gpu/opengl]   nv20be
[   2.320][d][vo/gpu/opengl]   rgba64be
[   2.320][d][vo/gpu/opengl]   bgra64be
[   2.320][d][vo/gpu/opengl]   bgra64 => 1 planes 1x1 16/0 [rgba16] (bgra) [unorm]
[   2.320][d][vo/gpu/opengl]   yvyu422
[   2.320][d][vo/gpu/opengl]   ya16be
[   2.320][d][vo/gpu/opengl]   ya16 => 1 planes 1x1 16/0 [rg16] (ra) [unorm]
[   2.320][d][vo/gpu/opengl]   gbrap => 4 planes 1x1 8/0 [r8/r8/r8/r8] (g/b/r/a) [unorm]
[   2.320][d][vo/gpu/opengl]   gbrap16be
[   2.320][d][vo/gpu/opengl]   gbrap16 => 4 planes 1x1 16/0 [r16/r16/r16/r16] (g/b/r/a) [unorm]
[   2.320][d][vo/gpu/opengl]   qsv
[   2.320][d][vo/gpu/opengl]   d3d11va_vld
[   2.320][d][vo/gpu/opengl]   yuv420p12be
[   2.320][d][vo/gpu/opengl]   yuv420p12 => 3 planes 2x2 16/-4 [r16/r16/r16] (r/g/b) [unorm]
[   2.320][d][vo/gpu/opengl]   yuv420p14be
[   2.320][d][vo/gpu/opengl]   yuv420p14 => 3 planes 2x2 16/-2 [r16/r16/r16] (r/g/b) [unorm]
[   2.320][d][vo/gpu/opengl]   yuv422p12be
[   2.320][d][vo/gpu/opengl]   yuv422p12 => 3 planes 2x1 16/-4 [r16/r16/r16] (r/g/b) [unorm]
[   2.320][d][vo/gpu/opengl]   yuv422p14be
[   2.320][d][vo/gpu/opengl]   yuv422p14 => 3 planes 2x1 16/-2 [r16/r16/r16] (r/g/b) [unorm]
[   2.320][d][vo/gpu/opengl]   yuv444p12be
[   2.320][d][vo/gpu/opengl]   yuv444p12 => 3 planes 1x1 16/-4 [r16/r16/r16] (r/g/b) [unorm]
[   2.320][d][vo/gpu/opengl]   yuv444p14be
[   2.320][d][vo/gpu/opengl]   yuv444p14 => 3 planes 1x1 16/-2 [r16/r16/r16] (r/g/b) [unorm]
[   2.320][d][vo/gpu/opengl]   gbrp12be
[   2.320][d][vo/gpu/opengl]   gbrp12 => 3 planes 1x1 16/-4 [r16/r16/r16] (g/b/r) [unorm]
[   2.320][d][vo/gpu/opengl]   gbrp14be
[   2.320][d][vo/gpu/opengl]   gbrp14 => 3 planes 1x1 16/-2 [r16/r16/r16] (g/b/r) [unorm]
[   2.320][d][vo/gpu/opengl]   yuvj411p => 3 planes 4x1 8/0 [r8/r8/r8] (r/g/b) [unorm]
[   2.320][d][vo/gpu/opengl]   bayer_bggr8
[   2.320][d][vo/gpu/opengl]   bayer_rggb8
[   2.320][d][vo/gpu/opengl]   bayer_gbrg8
[   2.320][d][vo/gpu/opengl]   bayer_grbg8
[   2.320][d][vo/gpu/opengl]   bayer_bggr16
[   2.320][d][vo/gpu/opengl]   bayer_bggr16be
[   2.320][d][vo/gpu/opengl]   bayer_rggb16
[   2.320][d][vo/gpu/opengl]   bayer_rggb16be
[   2.320][d][vo/gpu/opengl]   bayer_gbrg16
[   2.320][d][vo/gpu/opengl]   bayer_gbrg16be
[   2.320][d][vo/gpu/opengl]   bayer_grbg16
[   2.320][d][vo/gpu/opengl]   bayer_grbg16be
[   2.320][d][vo/gpu/opengl]   yuv440p10 => 3 planes 1x2 16/-6 [r16/r16/r16] (r/g/b) [unorm]
[   2.320][d][vo/gpu/opengl]   yuv440p10be
[   2.320][d][vo/gpu/opengl]   yuv440p12 => 3 planes 1x2 16/-4 [r16/r16/r16] (r/g/b) [unorm]
[   2.320][d][vo/gpu/opengl]   yuv440p12be
[   2.320][d][vo/gpu/opengl]   ayuv64 => 1 planes 1x1 16/0 [rgba16] (argb) [unorm]
[   2.320][d][vo/gpu/opengl]   ayuv64be
[   2.320][d][vo/gpu/opengl]   p010be
[   2.320][d][vo/gpu/opengl]   gbrap12be
[   2.320][d][vo/gpu/opengl]   gbrap12 => 4 planes 1x1 16/-4 [r16/r16/r16/r16] (g/b/r/a) [unorm]
[   2.320][d][vo/gpu/opengl]   gbrap10be
[   2.320][d][vo/gpu/opengl]   gbrap10 => 4 planes 1x1 16/-6 [r16/r16/r16/r16] (g/b/r/a) [unorm]
[   2.320][d][vo/gpu/opengl]   gray12be
[   2.320][d][vo/gpu/opengl]   gray12 => 1 planes 1x1 16/-4 [r16] (r) [unorm]
[   2.320][d][vo/gpu/opengl]   gray10be
[   2.320][d][vo/gpu/opengl]   gray10 => 1 planes 1x1 16/-6 [r16] (r) [unorm]
[   2.320][d][vo/gpu/opengl]   p016 => 2 planes 2x2 16/0 [r16/rg16] (r/gb) [unorm]
[   2.320][d][vo/gpu/opengl]   p016be
[   2.320][d][vo/gpu/opengl]   gray9be
[   2.320][d][vo/gpu/opengl]   gray9 => 1 planes 1x1 16/-7 [r16] (r) [unorm]
[   2.320][d][vo/gpu/opengl]   gbrpf32be
[   2.320][d][vo/gpu/opengl]   gbrpf32 => 3 planes 1x1 32/0 [r16f/r16f/r16f] (g/b/r) [float]
[   2.320][d][vo/gpu/opengl]   gbrapf32be
[   2.320][d][vo/gpu/opengl]   gbrapf32 => 4 planes 1x1 32/0 [r16f/r16f/r16f/r16f] (g/b/r/a) [float]
[   2.320][d][vo/gpu/opengl]   opencl
[   2.320][d][vo/gpu/opengl]   gray14be
[   2.320][d][vo/gpu/opengl]   gray14 => 1 planes 1x1 16/-2 [r16] (r) [unorm]
[   2.320][d][vo/gpu/opengl]   grayf32be
[   2.320][d][vo/gpu/opengl]   grayf32 => 1 planes 1x1 32/0 [r16f] (r) [float]
[   2.320][d][vo/gpu/opengl]   yuva422p12be
[   2.320][d][vo/gpu/opengl]   yuva422p12 => 4 planes 2x1 16/-4 [r16/r16/r16/r16] (r/g/b/a) [unorm]
[   2.320][d][vo/gpu/opengl]   yuva444p12be
[   2.320][d][vo/gpu/opengl]   yuva444p12 => 4 planes 1x1 16/-4 [r16/r16/r16/r16] (r/g/b/a) [unorm]
[   2.320][d][vo/gpu/opengl]   nv24 => 2 planes 1x1 8/0 [r8/rg8] (r/gb) [unorm]
[   2.320][d][vo/gpu/opengl]   nv42 => 2 planes 1x1 8/0 [r8/rg8] (r/bg) [unorm]
[   2.320][d][vo/gpu/opengl]   y210be
[   2.320][d][vo/gpu/opengl]   y210
[   2.320][d][vo/gpu/opengl]   x2rgb10be
[   2.320][d][vo/gpu/opengl]   x2bgr10
[   2.320][d][vo/gpu/opengl]   x2bgr10be
[   2.320][d][vo/gpu/opengl]   p210be
[   2.320][d][vo/gpu/opengl]   p210 => 2 planes 2x1 16/6 [r16/rg16] (r/gb) [unorm]
[   2.320][d][vo/gpu/opengl]   p410be
[   2.320][d][vo/gpu/opengl]   p410 => 2 planes 1x1 16/6 [r16/rg16] (r/gb) [unorm]
[   2.320][d][vo/gpu/opengl]   p216be
[   2.320][d][vo/gpu/opengl]   p216 => 2 planes 2x1 16/0 [r16/rg16] (r/gb) [unorm]
[   2.320][d][vo/gpu/opengl]   p416be
[   2.320][d][vo/gpu/opengl]   p416 => 2 planes 1x1 16/0 [r16/rg16] (r/gb) [unorm]
[   2.320][d][vo/gpu/opengl]   vuya => 1 planes 1x1 8/0 [rgba8] (bgra) [unorm]
[   2.320][d][vo/gpu/opengl]   rgbaf16be
[   2.320][d][vo/gpu/opengl]   rgbaf16
[   2.320][d][vo/gpu/opengl]   vuyx => 1 planes 1x1 8/0 [rgba8] (bgr) [unorm]
[   2.320][d][vo/gpu/opengl]   p012 => 2 planes 2x2 16/4 [r16/rg16] (r/gb) [unorm]
[   2.320][d][vo/gpu/opengl]   p012be
[   2.320][d][vo/gpu/opengl]   y212be
[   2.320][d][vo/gpu/opengl]   y212
[   2.320][d][vo/gpu/opengl]   xv30be
[   2.320][d][vo/gpu/opengl]   xv30
[   2.320][d][vo/gpu/opengl]   xv36be
[   2.320][d][vo/gpu/opengl]   xv36 => 1 planes 1x1 16/4 [rgba16] (grb) [unorm]
[   2.320][d][vo/gpu/opengl]   rgbf32be
[   2.320][d][vo/gpu/opengl]   rgbf32
[   2.320][d][vo/gpu/opengl]   rgbaf32be
[   2.320][d][vo/gpu/opengl]   rgbaf32
[   2.320][d][vo/gpu/opengl]   p212be
[   2.320][d][vo/gpu/opengl]   p212 => 2 planes 2x1 16/4 [r16/rg16] (r/gb) [unorm]
[   2.320][d][vo/gpu/opengl]   p412be
[   2.320][d][vo/gpu/opengl]   p412 => 2 planes 1x1 16/4 [r16/rg16] (r/gb) [unorm]
[   2.320][d][vo/gpu/opengl]   gbrap14be
[   2.320][d][vo/gpu/opengl]   gbrap14 => 4 planes 1x1 16/-2 [r16/r16/r16/r16] (g/b/r/a) [unorm]
[   2.320][d][vo/gpu/opengl]   d3d12
[   2.320][v][vo/gpu] Testing FBO format rgba16f
[   2.320][d][vo/gpu] Resizing texture: 16x16
[   2.320][v][vo/gpu] Using FBO format rgba16f.
[   2.320][d][global] cache path: '' -> 'C:\Users\Rudy\AppData\Local/mpv/cache'
[   2.320][v][vo/gpu/win32] DPI detected from the new API: 120
[   2.321][v][vo/gpu/win32] display-fps: 144.000000
[   2.322][v][vo/gpu/win32] color-profile: C:\WINDOWS\system32\spool\drivers\color\sRGB Color Space Profile.icm
[   2.322][v][vo/gpu] Assuming 144.000000 FPS for display sync.
[   2.322][v][vd] Container reported FPS: 29.970030
[   2.323][v][vd] Codec list:
[   2.323][v][vd]     h264 - H.264 / AVC / MPEG-4 AVC / MPEG-4 part 10
[   2.323][v][vd]     h264_qsv (h264) - H264 video (Intel Quick Sync Video acceleration)
[   2.323][v][vd]     h264_cuvid (h264) - Nvidia CUVID H264 decoder
[   2.323][v][vd] Opening decoder h264
[   2.323][v][vd] No hardware decoding requested.
[   2.323][v][vd] Using software decoding.
[   2.324][v][vd] Detected 16 logical cores.
[   2.324][v][vd] Requesting 16 threads for decoding.
[   2.329][v][vd] Selected decoder: h264 - H.264 / AVC / MPEG-4 AVC / MPEG-4 part 10
[   2.329][v][vf] User filter list:
[   2.329][v][vf]   (empty)
[   2.330][v][ad] Codec list:
[   2.330][v][ad]     aac - AAC (Advanced Audio Coding)
[   2.330][v][ad]     aac_fixed (aac) - AAC (Advanced Audio Coding)
[   2.330][v][ad] Opening decoder aac
[   2.330][v][ad] Requesting 1 threads for decoding.
[   2.331][v][ad] Selected decoder: aac - AAC (Advanced Audio Coding)
[   2.331][v][af] User filter list:
[   2.331][v][af]   (empty)
[   2.331][v][cplayer] Starting playback...
[   2.331][d][osc] osc_init
[   2.331][d][global] config path: 'fonts' -/-> 'C:\Users\Rudy\AppData\Roaming/mpv/fonts'
[   2.331][d][global] config path: 'fonts' -/-> 'C:/Users/Rudy/Documents/code/Electron/mpv/fonts'
[   2.331][d][global] config path: 'fonts' -/-> 'C:/Users/Rudy/Documents/code/Electron/mpv/mpv/fonts'
[   2.331][d][osd/libass] ASS library version: 0x1703000 (runtime 0x1703000)
[   2.331][v][osd/libass] libass API version: 0x1703000
[   2.331][v][osd/libass] libass source: meson, commit: 0.17.3-6-gc5bb87e2f5d6c18763b4614817c206a4f4d2332a
[   2.332][v][osd/libass] Shaper: FriBidi 1.0.15 (SIMPLE) HarfBuzz-ng 9.0.0 (COMPLEX)
[   2.332][d][global] config path: 'subfont.ttf' -/-> 'C:\Users\Rudy\AppData\Roaming/mpv/subfont.ttf'
[   2.332][d][global] config path: 'subfont.ttf' -/-> 'C:/Users/Rudy/Documents/code/Electron/mpv/subfont.ttf'
[   2.332][d][global] config path: 'subfont.ttf' -/-> 'C:/Users/Rudy/Documents/code/Electron/mpv/mpv/subfont.ttf'
[   2.332][d][global] config path: 'fonts.conf' -/-> 'C:\Users\Rudy\AppData\Roaming/mpv/fonts.conf'
[   2.332][d][global] config path: 'fonts.conf' -/-> 'C:/Users/Rudy/Documents/code/Electron/mpv/fonts.conf'
[   2.332][d][global] config path: 'fonts.conf' -> 'C:/Users/Rudy/Documents/code/Electron/mpv/mpv/fonts.conf'
[   2.332][v][osd/libass] Setting up fonts...
[   2.333][v][osd/libass] Using font provider directwrite (with GDI)
[   2.333][v][osd/libass] Done.
[   2.333][v][af] [in] 44100Hz stereo 2ch floatp
[   2.333][v][af] [userspeed] 44100Hz stereo 2ch floatp
[   2.333][v][af] [userspeed] (disabled)
[   2.333][v][af] [convert] 44100Hz stereo 2ch floatp
[   2.334][d][ffmpeg/video] h264: Reinit context to 1280x720, pix_fmt: yuv420p
[   2.334][d][vd] DR parameter change to 1280x738 yuv420p align=64
[   2.334][d][vd] Allocating new (host-cached) DR image...
[   2.335][d][vd] Allocating new (host-cached) DR image...
[   2.336][d][vd] Allocating new (host-cached) DR image...
[   2.336][d][vd] Allocating new (host-cached) DR image...
[   2.337][d][vd] Allocating new (host-cached) DR image...
[   2.337][d][vd] Allocating new (host-cached) DR image...
[   2.338][d][vd] Allocating new (host-cached) DR image...
[   2.339][d][vd] Allocating new (host-cached) DR image...
[   2.339][d][vd] Allocating new (host-cached) DR image...
[   2.340][d][vd] Allocating new (host-cached) DR image...
[   2.341][d][vd] Allocating new (host-cached) DR image...
[   2.341][d][vd] Allocating new (host-cached) DR image...
[   2.342][d][vd] Allocating new (host-cached) DR image...
[   2.343][d][vd] Allocating new (host-cached) DR image...
[   2.343][d][vd] Allocating new (host-cached) DR image...
[   2.344][d][vd] Allocating new (host-cached) DR image...
[   2.344][d][vd] Allocating new (host-cached) DR image...
[   2.344][v][vd] Using software decoding.
[   2.344][v][vd] Decoder format: 1280x720 yuv420p bt.709/bt.709/bt.1886/limited/auto CL=mpeg2/4/h264 crop=1280x720+0+0
[   2.344][v][vd] Using container aspect ratio.
[   2.344][v][vf] [in] 1280x720 yuv420p bt.709/bt.709/bt.1886/limited/display CL=mpeg2/4/h264 crop=1280x720+0+0
[   2.344][v][vf] [userdeint] 1280x720 yuv420p bt.709/bt.709/bt.1886/limited/display CL=mpeg2/4/h264 crop=1280x720+0+0
[   2.344][v][vf] [userdeint] (disabled)
[   2.344][v][vf] [autorotate] 1280x720 yuv420p bt.709/bt.709/bt.1886/limited/display CL=mpeg2/4/h264 crop=1280x720+0+0
[   2.344][v][vf] [autorotate] (disabled)
[   2.344][v][vf] [convert] 1280x720 yuv420p bt.709/bt.709/bt.1886/limited/display CL=mpeg2/4/h264 crop=1280x720+0+0
[   2.344][v][vf] [convert] (disabled)
[   2.344][v][vf] [out] 1280x720 yuv420p bt.709/bt.709/bt.1886/limited/display CL=mpeg2/4/h264 crop=1280x720+0+0
[   2.345][v][ao] Trying audio driver 'wasapi'
[   2.345][v][ao/wasapi] requested format: 44100 Hz, stereo channels, floatp
[   2.345][d][ao/wasapi] Init wasapi
[   2.345][d][ao/wasapi] Find device ''
[   2.346][v][ao/wasapi] No device specified. Selecting default.
[   2.347][v][ao/wasapi] Selecting device '{46a6b6b9-ab53-484c-9b5e-0da3da9f0ded}' (Headset Earphone (G435 Wireless Gaming Headset))
[   2.347][v][ao/wasapi] Monitoring changes in device {0.0.0.00000000}.{46a6b6b9-ab53-484c-9b5e-0da3da9f0ded}
[   2.348][d][ao/wasapi] Init wasapi thread
[   2.348][d][ao/wasapi] Activating pAudioClient interface
[   2.350][d][ao/wasapi] Probing formats
[   2.354][v][ao/wasapi] Trying stereo float (32/32 bits) @ 48000hz (shared) -> ok
[   2.354][v][ao/wasapi] Accepted as stereo float @ 48000hz -> stereo float (32/32 bits) @ 48000hz (shared)
[   2.354][d][ao/wasapi] Fixing format
[   2.354][d][ao/wasapi] IAudioClient::GetDevicePeriod
[   2.354][v][ao/wasapi] Device period: default 10000 us, minimum 3000 us
[   2.354][d][ao/wasapi] IAudioClient::Initialize
[   2.449][d][ao/wasapi] IAudioClient::Initialize pRenderClient
[   2.449][d][ao/wasapi] IAudioClient::Initialize IAudioClient_SetEventHandle
[   2.449][d][ao/wasapi] IAudioClient::Initialize IAudioClient_GetBufferSize
[   2.449][v][ao/wasapi] Buffer frame count: 1056 (22000 us)
[   2.449][v][ao/wasapi] IAudioClock::GetFrequency gave a frequency of 384000.
[   2.450][d][ao/wasapi] IAudioClient::Initialize pAudioVolume
[   2.450][d][ao/wasapi] Entering dispatch loop
[   2.450][d][ao/wasapi] Init wasapi done
[   2.450][v][ao/wasapi] device buffer: 1056 samples.
[   2.450][v][ao/wasapi] using soft-buffer of 9600 samples.
[   2.450][i][cplayer] AO: [wasapi] 48000Hz stereo 2ch float
[   2.450][v][cplayer] AO: Description: Windows WASAPI audio output (event mode)
[   2.451][v][autoconvert] inserting resampler
[   2.451][v][swresample] format change, reinitializing resampler
[   2.451][v][swresample] 44100Hz stereo floatp -> 48000Hz stereo float
[   2.452][v][af] [out] 48000Hz stereo 2ch float
[   2.452][i][cplayer] VO: [gpu] 1280x720 yuv420p
[   2.452][v][cplayer] VO: Description: Shader-based GPU Renderer
[   2.452][d][vd] Allocating new (host-cached) DR image...
[   2.452][v][vo/gpu] reconfig to 1280x720 yuv420p bt.709/bt.709/bt.1886/limited/display CL=mpeg2/4/h264 crop=1280x720+0+0
[   2.452][d][vo/gpu] max content size: 1902x1033
[   2.452][d][vo/gpu] monitor size: 1920x1080
[   2.452][v][vo/gpu/win32] reset window bounds: 320:194:1280:720
[   2.452][v][vo/gpu/win32] resize window: 1280:720
[   2.458][v][vo/gpu/win32] resize window: 1280:720
[   2.459][v][vo/gpu] Resize: 1280x720
[   2.459][v][vo/gpu] Window size: 1280x720 (Borders: l=0 t=0 r=0 b=0)
[   2.459][v][vo/gpu] Video source: 1280x720 (1:1)
[   2.459][v][vo/gpu] Video display: (0, 0) 1280x720 -> (0, 0) 1280x720
[   2.459][v][vo/gpu] Video scale: 1.000000/1.000000
[   2.459][v][vo/gpu] OSD borders: l=0 t=0 r=0 b=0
[   2.459][v][vo/gpu] Video borders: l=0 t=0 r=0 b=0
[   2.459][v][vo/gpu] Reported display depth: 8
[   2.459][v][vo/gpu] Texture for plane 0: 1280x720
[   2.459][v][vo/gpu] Texture for plane 1: 640x360
[   2.459][v][vo/gpu] Texture for plane 2: 640x360
[   2.459][v][vo/gpu] Testing FBO format rgba16f
[   2.459][d][vo/gpu] Resizing texture: 16x16
[   2.459][v][vo/gpu] Using FBO format rgba16f.
[   2.460][v][vo/gpu] Resize: 1280x720
[   2.460][v][vo/gpu] Window size: 1280x720 (Borders: l=0 t=0 r=0 b=0)
[   2.460][v][vo/gpu] Video source: 1280x720 (1:1)
[   2.460][v][vo/gpu] Video display: (0, 0) 1280x720 -> (0, 0) 1280x720
[   2.460][v][vo/gpu] Video scale: 1.000000/1.000000
[   2.460][v][vo/gpu] OSD borders: l=0 t=0 r=0 b=0
[   2.460][v][vo/gpu] Video borders: l=0 t=0 r=0 b=0
[   2.460][v][vo/gpu] Reported display depth: 8
[   2.460][v][vo/gpu] DR enabled: yes
[   2.460][d][vo/gpu] Resizing texture: 640x360
[   2.460][d][global] user path: 'C:\Users\Rudy\AppData\Local/mpv/cache' -> 'C:\Users\Rudy\AppData\Local/mpv/cache'
[   2.460][d][vo/gpu] Trying to load shader from disk...
[   2.461][d][vo/gpu/opengl] Loading binary program succeeded.
[   2.461][d][vo/gpu] Resizing texture: 640x720
[   2.461][d][global] user path: 'C:\Users\Rudy\AppData\Local/mpv/cache' -> 'C:\Users\Rudy\AppData\Local/mpv/cache'
[   2.461][d][vo/gpu] Trying to load shader from disk...
[   2.461][d][vo/gpu/opengl] Loading binary program succeeded.
[   2.461][d][vo/gpu] Resizing texture: 1280x720
[   2.461][d][global] user path: 'C:\Users\Rudy\AppData\Local/mpv/cache' -> 'C:\Users\Rudy\AppData\Local/mpv/cache'
[   2.461][d][vo/gpu] Trying to load shader from disk...
[   2.462][d][vo/gpu/opengl] Loading binary program succeeded.
[   2.462][d][vo/gpu] Resizing texture: 1280x720
[   2.462][d][global] user path: 'C:\Users\Rudy\AppData\Local/mpv/cache' -> 'C:\Users\Rudy\AppData\Local/mpv/cache'
[   2.462][d][vo/gpu] Trying to load shader from disk...
[   2.462][d][vo/gpu/opengl] Loading binary program succeeded.
[   2.462][v][vo/gpu] Dither to 8.
[   2.477][d][global] user path: 'C:\Users\Rudy\AppData\Local/mpv/cache' -> 'C:\Users\Rudy\AppData\Local/mpv/cache'
[   2.477][d][vo/gpu] Trying to load shader from disk...
[   2.478][d][vo/gpu/opengl] Loading binary program succeeded.
[   2.538][v][vo/gpu] set SwapInterval(0)
[   2.538][v][cplayer] first video frame after restart shown
[   2.538][d][vo/gpu] Resizing texture: 1280x720
[   2.538][d][global] user path: 'C:\Users\Rudy\AppData\Local/mpv/cache' -> 'C:\Users\Rudy\AppData\Local/mpv/cache'
[   2.538][d][vo/gpu] Trying to load shader from disk...
[   2.539][d][vo/gpu/opengl] Loading binary program succeeded.
[   2.545][v][cplayer] audio ready
[   2.545][d][cplayer] starting video playback
[   2.545][v][cplayer] starting audio playback
[   2.545][d][ao/wasapi] Thread Resume
[   2.545][d][ao/wasapi] Thread Reset
[   2.545][d][ao/wasapi] Thread Pause
[   2.545][v][cplayer] playback restart complete @ 0.000000, audio=playing, video=playing
[   2.545][d][ao/wasapi] Thread Unpause
[   2.546][d][vd] Allocating new (host-cached) DR image...
[   2.563][d][vd] Allocating new (host-cached) DR image...
[   2.563][v][cplayer] Set property: user-data/osc/margins={"t":0,"l":0,"r":0,"b":0} -> 1
[   2.563][d][osc] osc_init
[   2.564][v][cplayer] Set property: user-data/osc/margins={"t":0,"l":0,"r":0,"b":0} -> 1
[   2.621][d][vd] Allocating new (host-cached) DR image...
[   3.196][v][vo/gpu] Resize: 1280x720
[   3.196][v][vo/gpu] Window size: 1280x720 (Borders: l=0 t=0 r=0 b=0)
[   3.196][v][vo/gpu] Video source: 1280x720 (1:1)
[   3.196][v][vo/gpu] Video display: (0, 0) 1280x720 -> (0, 0) 1280x720
[   3.196][v][vo/gpu] Video scale: 1.000000/1.000000
[   3.196][v][vo/gpu] OSD borders: l=0 t=0 r=0 b=0
[   3.196][v][vo/gpu] Video borders: l=0 t=0 r=0 b=0
[   3.196][v][vo/gpu] Reported display depth: 8
[   3.834][v][ipc_1] Client disconnected
[   3.834][d][ipc_1] Exiting...
